[main 5be5117] Update listener data @ 2025-11-14T01:06:52.826040+00:00
 3 files changed, 3 insertions(+), 2 deletions(-)
To github.com:nopheros/nopheros-listener-dashboard-main.git
   df0edc4..5be5117  main -> main
[main 94460ae] Update listener data @ 2025-11-14T01:12:02.671481+00:00
 3 files changed, 3 insertions(+), 2 deletions(-)
To github.com:nopheros/nopheros-listener-dashboard-main.git
   5be5117..94460ae  main -> main
[main 7ed98b1] Update listener data @ 2025-11-14T01:14:02.617605+00:00
 3 files changed, 3 insertions(+), 2 deletions(-)
To github.com:nopheros/nopheros-listener-dashboard-main.git
   94460ae..7ed98b1  main -> main
[main 8ba0049] Update listener data @ 2025-11-14T01:16:02.577332+00:00
 3 files changed, 3 insertions(+), 2 deletions(-)
To github.com:nopheros/nopheros-listener-dashboard-main.git
   7ed98b1..8ba0049  main -> main
[main b62f7c0] Update listener data @ 2025-11-14T01:18:02.449933+00:00
 3 files changed, 3 insertions(+), 2 deletions(-)
To github.com:nopheros/nopheros-listener-dashboard-main.git
   8ba0049..b62f7c0  main -> main
[main 6efddb2] Update listener data @ 2025-11-14T01:20:02.353658+00:00
 3 files changed, 3 insertions(+), 2 deletions(-)
To github.com:nopheros/nopheros-listener-dashboard-main.git
   b62f7c0..6efddb2  main -> main
[main fd5dd10] Update listener data @ 2025-11-14T01:22:02.279929+00:00
 3 files changed, 3 insertions(+), 2 deletions(-)
To github.com:nopheros/nopheros-listener-dashboard-main.git
   6efddb2..fd5dd10  main -> main
[main 73ceb61] Update listener data @ 2025-11-14T01:24:02.299255+00:00
 3 files changed, 3 insertions(+), 2 deletions(-)
To github.com:nopheros/nopheros-listener-dashboard-main.git
   fd5dd10..73ceb61  main -> main
[main 95b81aa] Update listener data @ 2025-11-14T01:26:02.257866+00:00
 3 files changed, 3 insertions(+), 2 deletions(-)
To github.com:nopheros/nopheros-listener-dashboard-main.git
   73ceb61..95b81aa  main -> main
[main c301b41] Update listener data @ 2025-11-14T01:28:03.110171+00:00
 3 files changed, 3 insertions(+), 2 deletions(-)
To github.com:nopheros/nopheros-listener-dashboard-main.git
   95b81aa..c301b41  main -> main
[main 7166949] Update listener data @ 2025-11-14T01:30:03.094324+00:00
 3 files changed, 3 insertions(+), 2 deletions(-)
To github.com:nopheros/nopheros-listener-dashboard-main.git
   c301b41..7166949  main -> main
[main b44e949] Update listener data @ 2025-11-14T01:32:03.029340+00:00
 3 files changed, 3 insertions(+), 2 deletions(-)
To github.com:nopheros/nopheros-listener-dashboard-main.git
   7166949..b44e949  main -> main
[main bf3d23e] Update listener data @ 2025-11-14T01:34:02.934662+00:00
 3 files changed, 3 insertions(+), 2 deletions(-)
To github.com:nopheros/nopheros-listener-dashboard-main.git
   b44e949..bf3d23e  main -> main
[main 9eaaca7] Update listener data @ 2025-11-14T01:36:02.818629+00:00
 3 files changed, 3 insertions(+), 2 deletions(-)
To github.com:nopheros/nopheros-listener-dashboard-main.git
 ! [rejected]        main -> main (fetch first)
error: failed to push some refs to 'github.com:nopheros/nopheros-listener-dashboard-main.git'
hint: Updates were rejected because the remote contains work that you do
hint: not have locally. This is usually caused by another repository pushing
hint: to the same ref. You may want to first integrate the remote changes
hint: (e.g., 'git pull ...') before pushing again.
hint: See the 'Note about fast-forwards' in 'git push --help' for details.
[warn] git operation failed: Command '['git', '-C', '/home/atrox/projects/nopheros-listener-dashboard-main', 'push']' returned non-zero exit status 1.
